2020-04-25 14:45:17,131 INFO [org.springframework.test.context.support.DefaultTestContextBootstrapper] - Loaded default TestExecutionListener class names from location [META-INF/spring.factories]: [org.springframework.test.context.web.ServletTestExecutionListener, org.springframework.test.context.support.DirtiesContextBeforeModesTestExecutionListener, org.springframework.test.context.support.DependencyInjectionTestExecutionListener, org.springframework.test.context.support.DirtiesContextTestExecutionListener, org.springframework.test.context.transaction.TransactionalTestExecutionListener, org.springframework.test.context.jdbc.SqlScriptsTestExecutionListener]
2020-04-25 14:45:17,428 INFO [org.springframework.test.context.support.DefaultTestContextBootstrapper] - Using TestExecutionListeners: [org.springframework.test.context.web.ServletTestExecutionListener@6cc4c815, org.springframework.test.context.support.DirtiesContextBeforeModesTestExecutionListener@3a82f6ef, org.springframework.test.context.support.DependencyInjectionTestExecutionListener@100fc185, org.springframework.test.context.support.DirtiesContextTestExecutionListener@643b1d11, org.springframework.test.context.transaction.TransactionalTestExecutionListener@2ef5e5e3, org.springframework.test.context.jdbc.SqlScriptsTestExecutionListener@36d4b5c]
2020-04-25 14:45:17,956 INFO [org.springframework.beans.factory.xml.XmlBeanDefinitionReader] - Loading XML bean definitions from class path resource [com/rhj/my/shop/web/admin/service/test/spring-context.xml]
2020-04-25 14:45:17,973 ERROR [org.springframework.test.context.TestContextManager] - Caught exception while allowing TestExecutionListener [org.springframework.test.context.support.DependencyInjectionTestExecutionListener@100fc185] to prepare test instance [com.rhj.my.shop.web.admin.service.test.TbUserServiceTest@5f282abb]
java.lang.IllegalStateException: Failed to load ApplicationContext
	at org.springframework.test.context.cache.DefaultCacheAwareContextLoaderDelegate.loadContext(DefaultCacheAwareContextLoaderDelegate.java:124)
	at org.springframework.test.context.support.DefaultTestContext.getApplicationContext(DefaultTestContext.java:83)
	at org.springframework.test.context.support.DependencyInjectionTestExecutionListener.injectDependencies(DependencyInjectionTestExecutionListener.java:117)
	at org.springframework.test.context.support.DependencyInjectionTestExecutionListener.prepareTestInstance(DependencyInjectionTestExecutionListener.java:83)
	at org.springframework.test.context.TestContextManager.prepareTestInstance(TestContextManager.java:230)
	at org.springframework.test.context.junit4.SpringJUnit4ClassRunner.createTest(SpringJUnit4ClassRunner.java:228)
	at org.springframework.test.context.junit4.SpringJUnit4ClassRunner$1.runReflectiveCall(SpringJUnit4ClassRunner.java:287)
	at org.junit.internal.runners.model.ReflectiveCallable.run(ReflectiveCallable.java:12)
	at org.springframework.test.context.junit4.SpringJUnit4ClassRunner.methodBlock(SpringJUnit4ClassRunner.java:289)
	at org.springframework.test.context.junit4.SpringJUnit4ClassRunner.runChild(SpringJUnit4ClassRunner.java:247)
	at org.springframework.test.context.junit4.SpringJUnit4ClassRunner.runChild(SpringJUnit4ClassRunner.java:94)
	at org.junit.runners.ParentRunner$3.run(ParentRunner.java:290)
	at org.junit.runners.ParentRunner$1.schedule(ParentRunner.java:71)
	at org.junit.runners.ParentRunner.runChildren(ParentRunner.java:288)
	at org.junit.runners.ParentRunner.access$000(ParentRunner.java:58)
	at org.junit.runners.ParentRunner$2.evaluate(ParentRunner.java:268)
	at org.springframework.test.context.junit4.statements.RunBeforeTestClassCallbacks.evaluate(RunBeforeTestClassCallbacks.java:61)
	at org.springframework.test.context.junit4.statements.RunAfterTestClassCallbacks.evaluate(RunAfterTestClassCallbacks.java:70)
	at org.junit.runners.ParentRunner.run(ParentRunner.java:363)
	at org.springframework.test.context.junit4.SpringJUnit4ClassRunner.run(SpringJUnit4ClassRunner.java:191)
	at org.junit.runner.JUnitCore.run(JUnitCore.java:137)
	at com.intellij.junit4.JUnit4IdeaTestRunner.startRunnerWithArgs(JUnit4IdeaTestRunner.java:68)
	at com.intellij.rt.execution.junit.IdeaTestRunner$Repeater.startRunnerWithArgs(IdeaTestRunner.java:47)
	at com.intellij.rt.execution.junit.JUnitStarter.prepareStreamsAndStart(JUnitStarter.java:242)
	at com.intellij.rt.execution.junit.JUnitStarter.main(JUnitStarter.java:70)
Caused by: org.springframework.beans.factory.BeanDefinitionStoreException: IOException parsing XML document from class path resource [com/rhj/my/shop/web/admin/service/test/spring-context.xml]; nested exception is java.io.FileNotFoundException: class path resource [com/rhj/my/shop/web/admin/service/test/spring-context.xml] cannot be opened because it does not exist
	at org.springframework.beans.factory.xml.XmlBeanDefinitionReader.loadBeanDefinitions(XmlBeanDefinitionReader.java:344)
	at org.springframework.beans.factory.xml.XmlBeanDefinitionReader.loadBeanDefinitions(XmlBeanDefinitionReader.java:304)
	at org.springframework.beans.factory.support.AbstractBeanDefinitionReader.loadBeanDefinitions(AbstractBeanDefinitionReader.java:181)
	at org.springframework.beans.factory.support.AbstractBeanDefinitionReader.loadBeanDefinitions(AbstractBeanDefinitionReader.java:217)
	at org.springframework.beans.factory.support.AbstractBeanDefinitionReader.loadBeanDefinitions(AbstractBeanDefinitionReader.java:188)
	at org.springframework.beans.factory.support.AbstractBeanDefinitionReader.loadBeanDefinitions(AbstractBeanDefinitionReader.java:252)
	at org.springframework.test.context.support.AbstractGenericContextLoader.loadBeanDefinitions(AbstractGenericContextLoader.java:257)
	at org.springframework.test.context.support.AbstractGenericContextLoader.loadContext(AbstractGenericContextLoader.java:124)
	at org.springframework.test.context.support.AbstractGenericContextLoader.loadContext(AbstractGenericContextLoader.java:60)
	at org.springframework.test.context.support.AbstractDelegatingSmartContextLoader.delegateLoading(AbstractDelegatingSmartContextLoader.java:106)
	at org.springframework.test.context.support.AbstractDelegatingSmartContextLoader.loadContext(AbstractDelegatingSmartContextLoader.java:249)
	at org.springframework.test.context.cache.DefaultCacheAwareContextLoaderDelegate.loadContextInternal(DefaultCacheAwareContextLoaderDelegate.java:98)
	at org.springframework.test.context.cache.DefaultCacheAwareContextLoaderDelegate.loadContext(DefaultCacheAwareContextLoaderDelegate.java:116)
	... 24 more
Caused by: java.io.FileNotFoundException: class path resource [com/rhj/my/shop/web/admin/service/test/spring-context.xml] cannot be opened because it does not exist
	at org.springframework.core.io.ClassPathResource.getInputStream(ClassPathResource.java:172)
	at org.springframework.beans.factory.xml.XmlBeanDefinitionReader.loadBeanDefinitions(XmlBeanDefinitionReader.java:330)
	... 36 more
2020-04-25 14:45:55,647 INFO [org.springframework.test.context.support.DefaultTestContextBootstrapper] - Loaded default TestExecutionListener class names from location [META-INF/spring.factories]: [org.springframework.test.context.web.ServletTestExecutionListener, org.springframework.test.context.support.DirtiesContextBeforeModesTestExecutionListener, org.springframework.test.context.support.DependencyInjectionTestExecutionListener, org.springframework.test.context.support.DirtiesContextTestExecutionListener, org.springframework.test.context.transaction.TransactionalTestExecutionListener, org.springframework.test.context.jdbc.SqlScriptsTestExecutionListener]
2020-04-25 14:45:55,754 INFO [org.springframework.test.context.support.DefaultTestContextBootstrapper] - Using TestExecutionListeners: [org.springframework.test.context.web.ServletTestExecutionListener@23ceabc1, org.springframework.test.context.support.DirtiesContextBeforeModesTestExecutionListener@5d5eef3d, org.springframework.test.context.support.DependencyInjectionTestExecutionListener@56f4468b, org.springframework.test.context.support.DirtiesContextTestExecutionListener@6cc4c815, org.springframework.test.context.transaction.TransactionalTestExecutionListener@3a82f6ef, org.springframework.test.context.jdbc.SqlScriptsTestExecutionListener@100fc185]
2020-04-25 14:45:56,327 INFO [org.springframework.beans.factory.xml.XmlBeanDefinitionReader] - Loading XML bean definitions from class path resource [spring-context.xml]
2020-04-25 14:45:57,667 INFO [org.springframework.beans.factory.xml.XmlBeanDefinitionReader] - Loading XML bean definitions from class path resource [spring-context-druid.xml]
2020-04-25 14:45:57,836 INFO [org.springframework.beans.factory.xml.XmlBeanDefinitionReader] - Loading XML bean definitions from class path resource [spring-context-mybatis.xml]
2020-04-25 14:45:58,004 INFO [org.springframework.context.support.GenericApplicationContext] - Refreshing org.springframework.context.support.GenericApplicationContext@589838eb: startup date [Sat Apr 25 14:45:58 CST 2020]; root of context hierarchy
2020-04-25 14:46:01,638 INFO [com.alibaba.druid.pool.DruidDataSource] - {dataSource-1} inited
2020-04-25 14:46:03,256 INFO [org.springframework.context.support.GenericApplicationContext] - Closing org.springframework.context.support.GenericApplicationContext@589838eb: startup date [Sat Apr 25 14:45:58 CST 2020]; root of context hierarchy
2020-04-25 14:46:03,268 INFO [com.alibaba.druid.pool.DruidDataSource] - {dataSource-1} closed
2020-04-25 15:32:54,854 INFO [org.springframework.test.context.support.DefaultTestContextBootstrapper] - Loaded default TestExecutionListener class names from location [META-INF/spring.factories]: [org.springframework.test.context.web.ServletTestExecutionListener, org.springframework.test.context.support.DirtiesContextBeforeModesTestExecutionListener, org.springframework.test.context.support.DependencyInjectionTestExecutionListener, org.springframework.test.context.support.DirtiesContextTestExecutionListener, org.springframework.test.context.transaction.TransactionalTestExecutionListener, org.springframework.test.context.jdbc.SqlScriptsTestExecutionListener]
2020-04-25 15:32:54,944 INFO [org.springframework.test.context.support.DefaultTestContextBootstrapper] - Using TestExecutionListeners: [org.springframework.test.context.web.ServletTestExecutionListener@58651fd0, org.springframework.test.context.support.DirtiesContextBeforeModesTestExecutionListener@4520ebad, org.springframework.test.context.support.DependencyInjectionTestExecutionListener@5419f379, org.springframework.test.context.support.DirtiesContextTestExecutionListener@7dc7cbad, org.springframework.test.context.transaction.TransactionalTestExecutionListener@d2cc05a, org.springframework.test.context.jdbc.SqlScriptsTestExecutionListener@4f933fd1]
2020-04-25 15:32:55,277 INFO [org.springframework.beans.factory.xml.XmlBeanDefinitionReader] - Loading XML bean definitions from class path resource [spring-context.xml]
2020-04-25 15:32:56,266 INFO [org.springframework.beans.factory.xml.XmlBeanDefinitionReader] - Loading XML bean definitions from class path resource [spring-context-druid.xml]
2020-04-25 15:32:56,523 INFO [org.springframework.beans.factory.xml.XmlBeanDefinitionReader] - Loading XML bean definitions from class path resource [spring-context-mybatis.xml]
2020-04-25 15:32:56,691 INFO [org.springframework.context.support.GenericApplicationContext] - Refreshing org.springframework.context.support.GenericApplicationContext@31a5c39e: startup date [Sat Apr 25 15:32:56 CST 2020]; root of context hierarchy
2020-04-25 15:33:00,864 INFO [com.alibaba.druid.pool.DruidDataSource] - {dataSource-1} inited
2020-04-25 15:33:02,965 INFO [org.springframework.context.support.GenericApplicationContext] - Closing org.springframework.context.support.GenericApplicationContext@31a5c39e: startup date [Sat Apr 25 15:32:56 CST 2020]; root of context hierarchy
2020-04-25 15:33:03,001 INFO [com.alibaba.druid.pool.DruidDataSource] - {dataSource-1} closed
2020-04-25 15:37:50,762 INFO [org.springframework.test.context.support.DefaultTestContextBootstrapper] - Loaded default TestExecutionListener class names from location [META-INF/spring.factories]: [org.springframework.test.context.web.ServletTestExecutionListener, org.springframework.test.context.support.DirtiesContextBeforeModesTestExecutionListener, org.springframework.test.context.support.DependencyInjectionTestExecutionListener, org.springframework.test.context.support.DirtiesContextTestExecutionListener, org.springframework.test.context.transaction.TransactionalTestExecutionListener, org.springframework.test.context.jdbc.SqlScriptsTestExecutionListener]
2020-04-25 15:37:50,815 INFO [org.springframework.test.context.support.DefaultTestContextBootstrapper] - Using TestExecutionListeners: [org.springframework.test.context.web.ServletTestExecutionListener@7dc7cbad, org.springframework.test.context.support.DirtiesContextBeforeModesTestExecutionListener@d2cc05a, org.springframework.test.context.support.DependencyInjectionTestExecutionListener@4f933fd1, org.springframework.test.context.support.DirtiesContextTestExecutionListener@548a9f61, org.springframework.test.context.transaction.TransactionalTestExecutionListener@1753acfe, org.springframework.test.context.jdbc.SqlScriptsTestExecutionListener@7c16905e]
2020-04-25 15:37:51,136 INFO [org.springframework.beans.factory.xml.XmlBeanDefinitionReader] - Loading XML bean definitions from class path resource [spring-context.xml]
2020-04-25 15:37:51,766 INFO [org.springframework.beans.factory.xml.XmlBeanDefinitionReader] - Loading XML bean definitions from class path resource [spring-context-druid.xml]
2020-04-25 15:37:51,937 INFO [org.springframework.beans.factory.xml.XmlBeanDefinitionReader] - Loading XML bean definitions from class path resource [spring-context-mybatis.xml]
2020-04-25 15:37:52,032 INFO [org.springframework.context.support.GenericApplicationContext] - Refreshing org.springframework.context.support.GenericApplicationContext@490ab905: startup date [Sat Apr 25 15:37:52 CST 2020]; root of context hierarchy
2020-04-25 15:37:54,846 INFO [com.alibaba.druid.pool.DruidDataSource] - {dataSource-1} inited
2020-04-25 15:37:57,034 INFO [org.springframework.context.support.GenericApplicationContext] - Closing org.springframework.context.support.GenericApplicationContext@490ab905: startup date [Sat Apr 25 15:37:52 CST 2020]; root of context hierarchy
2020-04-25 15:37:57,069 INFO [com.alibaba.druid.pool.DruidDataSource] - {dataSource-1} closed
2020-04-25 15:43:55,998 INFO [org.springframework.test.context.support.DefaultTestContextBootstrapper] - Loaded default TestExecutionListener class names from location [META-INF/spring.factories]: [org.springframework.test.context.web.ServletTestExecutionListener, org.springframework.test.context.support.DirtiesContextBeforeModesTestExecutionListener, org.springframework.test.context.support.DependencyInjectionTestExecutionListener, org.springframework.test.context.support.DirtiesContextTestExecutionListener, org.springframework.test.context.transaction.TransactionalTestExecutionListener, org.springframework.test.context.jdbc.SqlScriptsTestExecutionListener]
2020-04-25 15:43:56,131 INFO [org.springframework.test.context.support.DefaultTestContextBootstrapper] - Using TestExecutionListeners: [org.springframework.test.context.web.ServletTestExecutionListener@4520ebad, org.springframework.test.context.support.DirtiesContextBeforeModesTestExecutionListener@5419f379, org.springframework.test.context.support.DependencyInjectionTestExecutionListener@7dc7cbad, org.springframework.test.context.support.DirtiesContextTestExecutionListener@d2cc05a, org.springframework.test.context.transaction.TransactionalTestExecutionListener@4f933fd1, org.springframework.test.context.jdbc.SqlScriptsTestExecutionListener@548a9f61]
2020-04-25 15:43:56,849 INFO [org.springframework.beans.factory.xml.XmlBeanDefinitionReader] - Loading XML bean definitions from class path resource [spring-context.xml]
2020-04-25 15:43:58,565 INFO [org.springframework.beans.factory.xml.XmlBeanDefinitionReader] - Loading XML bean definitions from class path resource [spring-context-druid.xml]
2020-04-25 15:43:58,821 INFO [org.springframework.beans.factory.xml.XmlBeanDefinitionReader] - Loading XML bean definitions from class path resource [spring-context-mybatis.xml]
2020-04-25 15:43:58,972 INFO [org.springframework.context.support.GenericApplicationContext] - Refreshing org.springframework.context.support.GenericApplicationContext@3f49dace: startup date [Sat Apr 25 15:43:58 CST 2020]; root of context hierarchy
2020-04-25 15:44:03,661 INFO [com.alibaba.druid.pool.DruidDataSource] - {dataSource-1} inited
2020-04-25 15:44:06,274 INFO [org.springframework.context.support.GenericApplicationContext] - Closing org.springframework.context.support.GenericApplicationContext@3f49dace: startup date [Sat Apr 25 15:43:58 CST 2020]; root of context hierarchy
2020-04-25 15:44:06,318 INFO [com.alibaba.druid.pool.DruidDataSource] - {dataSource-1} closed
2020-04-25 15:56:46,480 INFO [org.springframework.test.context.support.DefaultTestContextBootstrapper] - Loaded default TestExecutionListener class names from location [META-INF/spring.factories]: [org.springframework.test.context.web.ServletTestExecutionListener, org.springframework.test.context.support.DirtiesContextBeforeModesTestExecutionListener, org.springframework.test.context.support.DependencyInjectionTestExecutionListener, org.springframework.test.context.support.DirtiesContextTestExecutionListener, org.springframework.test.context.transaction.TransactionalTestExecutionListener, org.springframework.test.context.jdbc.SqlScriptsTestExecutionListener]
2020-04-25 15:56:46,509 INFO [org.springframework.test.context.support.DefaultTestContextBootstrapper] - Using TestExecutionListeners: [org.springframework.test.context.web.ServletTestExecutionListener@7dc7cbad, org.springframework.test.context.support.DirtiesContextBeforeModesTestExecutionListener@d2cc05a, org.springframework.test.context.support.DependencyInjectionTestExecutionListener@4f933fd1, org.springframework.test.context.support.DirtiesContextTestExecutionListener@548a9f61, org.springframework.test.context.transaction.TransactionalTestExecutionListener@1753acfe, org.springframework.test.context.jdbc.SqlScriptsTestExecutionListener@7c16905e]
2020-04-25 15:57:28,291 INFO [org.springframework.test.context.support.DefaultTestContextBootstrapper] - Loaded default TestExecutionListener class names from location [META-INF/spring.factories]: [org.springframework.test.context.web.ServletTestExecutionListener, org.springframework.test.context.support.DirtiesContextBeforeModesTestExecutionListener, org.springframework.test.context.support.DependencyInjectionTestExecutionListener, org.springframework.test.context.support.DirtiesContextTestExecutionListener, org.springframework.test.context.transaction.TransactionalTestExecutionListener, org.springframework.test.context.jdbc.SqlScriptsTestExecutionListener]
2020-04-25 15:57:28,340 INFO [org.springframework.test.context.support.DefaultTestContextBootstrapper] - Using TestExecutionListeners: [org.springframework.test.context.web.ServletTestExecutionListener@7dc7cbad, org.springframework.test.context.support.DirtiesContextBeforeModesTestExecutionListener@d2cc05a, org.springframework.test.context.support.DependencyInjectionTestExecutionListener@4f933fd1, org.springframework.test.context.support.DirtiesContextTestExecutionListener@548a9f61, org.springframework.test.context.transaction.TransactionalTestExecutionListener@1753acfe, org.springframework.test.context.jdbc.SqlScriptsTestExecutionListener@7c16905e]
2020-04-25 15:57:28,505 INFO [org.springframework.beans.factory.xml.XmlBeanDefinitionReader] - Loading XML bean definitions from class path resource [spring-context.xml]
2020-04-25 15:57:29,103 INFO [org.springframework.beans.factory.xml.XmlBeanDefinitionReader] - Loading XML bean definitions from class path resource [spring-context-druid.xml]
2020-04-25 15:57:29,192 INFO [org.springframework.beans.factory.xml.XmlBeanDefinitionReader] - Loading XML bean definitions from class path resource [spring-context-mybatis.xml]
2020-04-25 15:57:29,227 INFO [org.springframework.context.support.GenericApplicationContext] - Refreshing org.springframework.context.support.GenericApplicationContext@490ab905: startup date [Sat Apr 25 15:57:29 CST 2020]; root of context hierarchy
2020-04-25 15:57:30,945 INFO [com.alibaba.druid.pool.DruidDataSource] - {dataSource-1} inited
2020-04-25 15:57:31,807 INFO [org.springframework.context.support.GenericApplicationContext] - Closing org.springframework.context.support.GenericApplicationContext@490ab905: startup date [Sat Apr 25 15:57:29 CST 2020]; root of context hierarchy
2020-04-25 15:57:31,810 INFO [com.alibaba.druid.pool.DruidDataSource] - {dataSource-1} closed
2020-04-25 16:10:22,719 INFO [org.springframework.test.context.support.DefaultTestContextBootstrapper] - Loaded default TestExecutionListener class names from location [META-INF/spring.factories]: [org.springframework.test.context.web.ServletTestExecutionListener, org.springframework.test.context.support.DirtiesContextBeforeModesTestExecutionListener, org.springframework.test.context.support.DependencyInjectionTestExecutionListener, org.springframework.test.context.support.DirtiesContextTestExecutionListener, org.springframework.test.context.transaction.TransactionalTestExecutionListener, org.springframework.test.context.jdbc.SqlScriptsTestExecutionListener]
2020-04-25 16:10:22,863 INFO [org.springframework.test.context.support.DefaultTestContextBootstrapper] - Using TestExecutionListeners: [org.springframework.test.context.web.ServletTestExecutionListener@58651fd0, org.springframework.test.context.support.DirtiesContextBeforeModesTestExecutionListener@4520ebad, org.springframework.test.context.support.DependencyInjectionTestExecutionListener@5419f379, org.springframework.test.context.support.DirtiesContextTestExecutionListener@7dc7cbad, org.springframework.test.context.transaction.TransactionalTestExecutionListener@d2cc05a, org.springframework.test.context.jdbc.SqlScriptsTestExecutionListener@4f933fd1]
2020-04-25 16:10:23,374 INFO [org.springframework.beans.factory.xml.XmlBeanDefinitionReader] - Loading XML bean definitions from class path resource [spring-context.xml]
2020-04-25 16:10:24,828 INFO [org.springframework.beans.factory.xml.XmlBeanDefinitionReader] - Loading XML bean definitions from class path resource [spring-context-druid.xml]
2020-04-25 16:10:25,115 INFO [org.springframework.beans.factory.xml.XmlBeanDefinitionReader] - Loading XML bean definitions from class path resource [spring-context-mybatis.xml]
2020-04-25 16:10:25,249 INFO [org.springframework.context.support.GenericApplicationContext] - Refreshing org.springframework.context.support.GenericApplicationContext@31a5c39e: startup date [Sat Apr 25 16:10:25 CST 2020]; root of context hierarchy
2020-04-25 16:10:28,904 INFO [com.alibaba.druid.pool.DruidDataSource] - {dataSource-1} inited
2020-04-25 16:10:31,676 INFO [org.springframework.context.support.GenericApplicationContext] - Closing org.springframework.context.support.GenericApplicationContext@31a5c39e: startup date [Sat Apr 25 16:10:25 CST 2020]; root of context hierarchy
2020-04-25 16:10:31,706 INFO [com.alibaba.druid.pool.DruidDataSource] - {dataSource-1} closed
2020-04-25 16:11:14,369 INFO [org.springframework.test.context.support.DefaultTestContextBootstrapper] - Loaded default TestExecutionListener class names from location [META-INF/spring.factories]: [org.springframework.test.context.web.ServletTestExecutionListener, org.springframework.test.context.support.DirtiesContextBeforeModesTestExecutionListener, org.springframework.test.context.support.DependencyInjectionTestExecutionListener, org.springframework.test.context.support.DirtiesContextTestExecutionListener, org.springframework.test.context.transaction.TransactionalTestExecutionListener, org.springframework.test.context.jdbc.SqlScriptsTestExecutionListener]
2020-04-25 16:11:14,425 INFO [org.springframework.test.context.support.DefaultTestContextBootstrapper] - Using TestExecutionListeners: [org.springframework.test.context.web.ServletTestExecutionListener@7dc7cbad, org.springframework.test.context.support.DirtiesContextBeforeModesTestExecutionListener@d2cc05a, org.springframework.test.context.support.DependencyInjectionTestExecutionListener@4f933fd1, org.springframework.test.context.support.DirtiesContextTestExecutionListener@548a9f61, org.springframework.test.context.transaction.TransactionalTestExecutionListener@1753acfe, org.springframework.test.context.jdbc.SqlScriptsTestExecutionListener@7c16905e]
2020-04-25 16:11:14,663 INFO [org.springframework.beans.factory.xml.XmlBeanDefinitionReader] - Loading XML bean definitions from class path resource [spring-context.xml]
2020-04-25 16:11:15,240 INFO [org.springframework.beans.factory.xml.XmlBeanDefinitionReader] - Loading XML bean definitions from class path resource [spring-context-druid.xml]
2020-04-25 16:11:15,309 INFO [org.springframework.beans.factory.xml.XmlBeanDefinitionReader] - Loading XML bean definitions from class path resource [spring-context-mybatis.xml]
2020-04-25 16:11:15,350 INFO [org.springframework.context.support.GenericApplicationContext] - Refreshing org.springframework.context.support.GenericApplicationContext@490ab905: startup date [Sat Apr 25 16:11:15 CST 2020]; root of context hierarchy
2020-04-25 16:11:17,388 INFO [com.alibaba.druid.pool.DruidDataSource] - {dataSource-1} inited
2020-04-25 16:11:19,103 INFO [org.springframework.context.support.GenericApplicationContext] - Closing org.springframework.context.support.GenericApplicationContext@490ab905: startup date [Sat Apr 25 16:11:15 CST 2020]; root of context hierarchy
2020-04-25 16:11:19,116 INFO [com.alibaba.druid.pool.DruidDataSource] - {dataSource-1} closed
2020-04-25 16:25:35,715 INFO [org.springframework.test.context.support.DefaultTestContextBootstrapper] - Loaded default TestExecutionListener class names from location [META-INF/spring.factories]: [org.springframework.test.context.web.ServletTestExecutionListener, org.springframework.test.context.support.DirtiesContextBeforeModesTestExecutionListener, org.springframework.test.context.support.DependencyInjectionTestExecutionListener, org.springframework.test.context.support.DirtiesContextTestExecutionListener, org.springframework.test.context.transaction.TransactionalTestExecutionListener, org.springframework.test.context.jdbc.SqlScriptsTestExecutionListener]
2020-04-25 16:25:35,769 INFO [org.springframework.test.context.support.DefaultTestContextBootstrapper] - Using TestExecutionListeners: [org.springframework.test.context.web.ServletTestExecutionListener@7dc7cbad, org.springframework.test.context.support.DirtiesContextBeforeModesTestExecutionListener@d2cc05a, org.springframework.test.context.support.DependencyInjectionTestExecutionListener@4f933fd1, org.springframework.test.context.support.DirtiesContextTestExecutionListener@548a9f61, org.springframework.test.context.transaction.TransactionalTestExecutionListener@1753acfe, org.springframework.test.context.jdbc.SqlScriptsTestExecutionListener@7c16905e]
2020-04-25 16:25:36,068 INFO [org.springframework.beans.factory.xml.XmlBeanDefinitionReader] - Loading XML bean definitions from class path resource [spring-context.xml]
2020-04-25 16:25:36,909 INFO [org.springframework.beans.factory.xml.XmlBeanDefinitionReader] - Loading XML bean definitions from class path resource [spring-context-druid.xml]
2020-04-25 16:25:37,068 INFO [org.springframework.beans.factory.xml.XmlBeanDefinitionReader] - Loading XML bean definitions from class path resource [spring-context-mybatis.xml]
2020-04-25 16:25:37,172 INFO [org.springframework.context.support.GenericApplicationContext] - Refreshing org.springframework.context.support.GenericApplicationContext@490ab905: startup date [Sat Apr 25 16:25:37 CST 2020]; root of context hierarchy
2020-04-25 16:25:40,837 INFO [com.alibaba.druid.pool.DruidDataSource] - {dataSource-1} inited
2020-04-25 16:25:42,629 INFO [org.springframework.context.support.GenericApplicationContext] - Closing org.springframework.context.support.GenericApplicationContext@490ab905: startup date [Sat Apr 25 16:25:37 CST 2020]; root of context hierarchy
2020-04-25 16:25:42,644 INFO [com.alibaba.druid.pool.DruidDataSource] - {dataSource-1} closed
2020-04-25 16:27:33,870 INFO [org.springframework.test.context.support.DefaultTestContextBootstrapper] - Loaded default TestExecutionListener class names from location [META-INF/spring.factories]: [org.springframework.test.context.web.ServletTestExecutionListener, org.springframework.test.context.support.DirtiesContextBeforeModesTestExecutionListener, org.springframework.test.context.support.DependencyInjectionTestExecutionListener, org.springframework.test.context.support.DirtiesContextTestExecutionListener, org.springframework.test.context.transaction.TransactionalTestExecutionListener, org.springframework.test.context.jdbc.SqlScriptsTestExecutionListener]
2020-04-25 16:27:33,923 INFO [org.springframework.test.context.support.DefaultTestContextBootstrapper] - Using TestExecutionListeners: [org.springframework.test.context.web.ServletTestExecutionListener@7dc7cbad, org.springframework.test.context.support.DirtiesContextBeforeModesTestExecutionListener@d2cc05a, org.springframework.test.context.support.DependencyInjectionTestExecutionListener@4f933fd1, org.springframework.test.context.support.DirtiesContextTestExecutionListener@548a9f61, org.springframework.test.context.transaction.TransactionalTestExecutionListener@1753acfe, org.springframework.test.context.jdbc.SqlScriptsTestExecutionListener@7c16905e]
2020-04-25 16:27:34,098 INFO [org.springframework.beans.factory.xml.XmlBeanDefinitionReader] - Loading XML bean definitions from class path resource [spring-context.xml]
2020-04-25 16:27:34,539 INFO [org.springframework.beans.factory.xml.XmlBeanDefinitionReader] - Loading XML bean definitions from class path resource [spring-context-druid.xml]
2020-04-25 16:27:34,609 INFO [org.springframework.beans.factory.xml.XmlBeanDefinitionReader] - Loading XML bean definitions from class path resource [spring-context-mybatis.xml]
2020-04-25 16:27:34,628 INFO [org.springframework.context.support.GenericApplicationContext] - Refreshing org.springframework.context.support.GenericApplicationContext@490ab905: startup date [Sat Apr 25 16:27:34 CST 2020]; root of context hierarchy
2020-04-25 16:27:36,441 INFO [com.alibaba.druid.pool.DruidDataSource] - {dataSource-1} inited
2020-04-25 16:27:37,342 INFO [org.springframework.context.support.GenericApplicationContext] - Closing org.springframework.context.support.GenericApplicationContext@490ab905: startup date [Sat Apr 25 16:27:34 CST 2020]; root of context hierarchy
2020-04-25 16:27:37,359 INFO [com.alibaba.druid.pool.DruidDataSource] - {dataSource-1} closed
2020-04-25 16:28:39,614 INFO [org.springframework.test.context.support.DefaultTestContextBootstrapper] - Loaded default TestExecutionListener class names from location [META-INF/spring.factories]: [org.springframework.test.context.web.ServletTestExecutionListener, org.springframework.test.context.support.DirtiesContextBeforeModesTestExecutionListener, org.springframework.test.context.support.DependencyInjectionTestExecutionListener, org.springframework.test.context.support.DirtiesContextTestExecutionListener, org.springframework.test.context.transaction.TransactionalTestExecutionListener, org.springframework.test.context.jdbc.SqlScriptsTestExecutionListener]
2020-04-25 16:28:39,662 INFO [org.springframework.test.context.support.DefaultTestContextBootstrapper] - Using TestExecutionListeners: [org.springframework.test.context.web.ServletTestExecutionListener@7dc7cbad, org.springframework.test.context.support.DirtiesContextBeforeModesTestExecutionListener@d2cc05a, org.springframework.test.context.support.DependencyInjectionTestExecutionListener@4f933fd1, org.springframework.test.context.support.DirtiesContextTestExecutionListener@548a9f61, org.springframework.test.context.transaction.TransactionalTestExecutionListener@1753acfe, org.springframework.test.context.jdbc.SqlScriptsTestExecutionListener@7c16905e]
2020-04-25 16:28:39,843 INFO [org.springframework.beans.factory.xml.XmlBeanDefinitionReader] - Loading XML bean definitions from class path resource [spring-context.xml]
2020-04-25 16:28:40,313 INFO [org.springframework.beans.factory.xml.XmlBeanDefinitionReader] - Loading XML bean definitions from class path resource [spring-context-druid.xml]
2020-04-25 16:28:40,407 INFO [org.springframework.beans.factory.xml.XmlBeanDefinitionReader] - Loading XML bean definitions from class path resource [spring-context-mybatis.xml]
2020-04-25 16:28:40,452 INFO [org.springframework.context.support.GenericApplicationContext] - Refreshing org.springframework.context.support.GenericApplicationContext@490ab905: startup date [Sat Apr 25 16:28:40 CST 2020]; root of context hierarchy
2020-04-25 16:28:42,481 INFO [com.alibaba.druid.pool.DruidDataSource] - {dataSource-1} inited
2020-04-25 16:28:43,796 INFO [org.springframework.context.support.GenericApplicationContext] - Closing org.springframework.context.support.GenericApplicationContext@490ab905: startup date [Sat Apr 25 16:28:40 CST 2020]; root of context hierarchy
2020-04-25 16:28:43,800 INFO [com.alibaba.druid.pool.DruidDataSource] - {dataSource-1} closed
2020-04-25 16:31:45,344 INFO [org.springframework.test.context.support.DefaultTestContextBootstrapper] - Loaded default TestExecutionListener class names from location [META-INF/spring.factories]: [org.springframework.test.context.web.ServletTestExecutionListener, org.springframework.test.context.support.DirtiesContextBeforeModesTestExecutionListener, org.springframework.test.context.support.DependencyInjectionTestExecutionListener, org.springframework.test.context.support.DirtiesContextTestExecutionListener, org.springframework.test.context.transaction.TransactionalTestExecutionListener, org.springframework.test.context.jdbc.SqlScriptsTestExecutionListener]
2020-04-25 16:31:45,454 INFO [org.springframework.test.context.support.DefaultTestContextBootstrapper] - Using TestExecutionListeners: [org.springframework.test.context.web.ServletTestExecutionListener@7dc7cbad, org.springframework.test.context.support.DirtiesContextBeforeModesTestExecutionListener@d2cc05a, org.springframework.test.context.support.DependencyInjectionTestExecutionListener@4f933fd1, org.springframework.test.context.support.DirtiesContextTestExecutionListener@548a9f61, org.springframework.test.context.transaction.TransactionalTestExecutionListener@1753acfe, org.springframework.test.context.jdbc.SqlScriptsTestExecutionListener@7c16905e]
2020-04-25 16:31:45,860 INFO [org.springframework.beans.factory.xml.XmlBeanDefinitionReader] - Loading XML bean definitions from class path resource [spring-context.xml]
2020-04-25 16:31:46,795 INFO [org.springframework.beans.factory.xml.XmlBeanDefinitionReader] - Loading XML bean definitions from class path resource [spring-context-druid.xml]
2020-04-25 16:31:46,939 INFO [org.springframework.beans.factory.xml.XmlBeanDefinitionReader] - Loading XML bean definitions from class path resource [spring-context-mybatis.xml]
2020-04-25 16:31:47,010 INFO [org.springframework.context.support.GenericApplicationContext] - Refreshing org.springframework.context.support.GenericApplicationContext@490ab905: startup date [Sat Apr 25 16:31:47 CST 2020]; root of context hierarchy
2020-04-25 16:31:50,770 INFO [com.alibaba.druid.pool.DruidDataSource] - {dataSource-1} inited
2020-04-25 16:31:52,572 INFO [org.springframework.context.support.GenericApplicationContext] - Closing org.springframework.context.support.GenericApplicationContext@490ab905: startup date [Sat Apr 25 16:31:47 CST 2020]; root of context hierarchy
2020-04-25 16:31:52,598 INFO [com.alibaba.druid.pool.DruidDataSource] - {dataSource-1} closed
2020-04-25 16:56:52,442 INFO [org.springframework.test.context.support.DefaultTestContextBootstrapper] - Loaded default TestExecutionListener class names from location [META-INF/spring.factories]: [org.springframework.test.context.web.ServletTestExecutionListener, org.springframework.test.context.support.DirtiesContextBeforeModesTestExecutionListener, org.springframework.test.context.support.DependencyInjectionTestExecutionListener, org.springframework.test.context.support.DirtiesContextTestExecutionListener, org.springframework.test.context.transaction.TransactionalTestExecutionListener, org.springframework.test.context.jdbc.SqlScriptsTestExecutionListener]
2020-04-25 16:56:52,487 INFO [org.springframework.test.context.support.DefaultTestContextBootstrapper] - Using TestExecutionListeners: [org.springframework.test.context.web.ServletTestExecutionListener@7dc7cbad, org.springframework.test.context.support.DirtiesContextBeforeModesTestExecutionListener@d2cc05a, org.springframework.test.context.support.DependencyInjectionTestExecutionListener@4f933fd1, org.springframework.test.context.support.DirtiesContextTestExecutionListener@548a9f61, org.springframework.test.context.transaction.TransactionalTestExecutionListener@1753acfe, org.springframework.test.context.jdbc.SqlScriptsTestExecutionListener@7c16905e]
2020-04-25 16:56:52,705 INFO [org.springframework.beans.factory.xml.XmlBeanDefinitionReader] - Loading XML bean definitions from class path resource [spring-context.xml]
2020-04-25 16:56:53,392 INFO [org.springframework.beans.factory.xml.XmlBeanDefinitionReader] - Loading XML bean definitions from class path resource [spring-context-druid.xml]
2020-04-25 16:56:53,482 INFO [org.springframework.beans.factory.xml.XmlBeanDefinitionReader] - Loading XML bean definitions from class path resource [spring-context-mybatis.xml]
2020-04-25 16:56:53,535 INFO [org.springframework.context.support.GenericApplicationContext] - Refreshing org.springframework.context.support.GenericApplicationContext@490ab905: startup date [Sat Apr 25 16:56:53 CST 2020]; root of context hierarchy
2020-04-25 16:56:55,423 INFO [com.alibaba.druid.pool.DruidDataSource] - {dataSource-1} inited
2020-04-25 16:56:57,013 INFO [org.springframework.beans.factory.xml.XmlBeanDefinitionReader] - Loading XML bean definitions from class path resource [org/springframework/jdbc/support/sql-error-codes.xml]
2020-04-25 16:56:57,095 INFO [org.springframework.jdbc.support.SQLErrorCodesFactory] - SQLErrorCodes loaded: [DB2, Derby, H2, HDB, HSQL, Informix, MS-SQL, MySQL, Oracle, PostgreSQL, Sybase]
2020-04-25 16:56:57,125 INFO [org.springframework.context.support.GenericApplicationContext] - Closing org.springframework.context.support.GenericApplicationContext@490ab905: startup date [Sat Apr 25 16:56:53 CST 2020]; root of context hierarchy
2020-04-25 16:56:57,130 INFO [com.alibaba.druid.pool.DruidDataSource] - {dataSource-1} closed
2020-04-25 16:57:46,924 INFO [org.springframework.test.context.support.DefaultTestContextBootstrapper] - Loaded default TestExecutionListener class names from location [META-INF/spring.factories]: [org.springframework.test.context.web.ServletTestExecutionListener, org.springframework.test.context.support.DirtiesContextBeforeModesTestExecutionListener, org.springframework.test.context.support.DependencyInjectionTestExecutionListener, org.springframework.test.context.support.DirtiesContextTestExecutionListener, org.springframework.test.context.transaction.TransactionalTestExecutionListener, org.springframework.test.context.jdbc.SqlScriptsTestExecutionListener]
2020-04-25 16:57:46,969 INFO [org.springframework.test.context.support.DefaultTestContextBootstrapper] - Using TestExecutionListeners: [org.springframework.test.context.web.ServletTestExecutionListener@7dc7cbad, org.springframework.test.context.support.DirtiesContextBeforeModesTestExecutionListener@d2cc05a, org.springframework.test.context.support.DependencyInjectionTestExecutionListener@4f933fd1, org.springframework.test.context.support.DirtiesContextTestExecutionListener@548a9f61, org.springframework.test.context.transaction.TransactionalTestExecutionListener@1753acfe, org.springframework.test.context.jdbc.SqlScriptsTestExecutionListener@7c16905e]
2020-04-25 16:57:47,120 INFO [org.springframework.beans.factory.xml.XmlBeanDefinitionReader] - Loading XML bean definitions from class path resource [spring-context.xml]
2020-04-25 16:57:47,478 INFO [org.springframework.beans.factory.xml.XmlBeanDefinitionReader] - Loading XML bean definitions from class path resource [spring-context-druid.xml]
2020-04-25 16:57:47,553 INFO [org.springframework.beans.factory.xml.XmlBeanDefinitionReader] - Loading XML bean definitions from class path resource [spring-context-mybatis.xml]
2020-04-25 16:57:47,585 INFO [org.springframework.context.support.GenericApplicationContext] - Refreshing org.springframework.context.support.GenericApplicationContext@490ab905: startup date [Sat Apr 25 16:57:47 CST 2020]; root of context hierarchy
2020-04-25 16:57:49,056 INFO [com.alibaba.druid.pool.DruidDataSource] - {dataSource-1} inited
2020-04-25 16:57:49,920 INFO [org.springframework.context.support.GenericApplicationContext] - Closing org.springframework.context.support.GenericApplicationContext@490ab905: startup date [Sat Apr 25 16:57:47 CST 2020]; root of context hierarchy
2020-04-25 16:57:49,937 INFO [com.alibaba.druid.pool.DruidDataSource] - {dataSource-1} closed
